#
# A fatal error has been detected by the Java Runtime Environment:
#
#  SIGSEGV (0xb) at pc=0x00007fea259205da, pid=20970, tid=140643617462016
#
# JRE version: Java(TM) SE Runtime Environment (7.0_67-b01) (build 1.7.0_67-b01)
# Java VM: Java HotSpot(TM) 64-Bit Server VM (24.65-b04 mixed mode linux-amd64 compressed oops)
# Problematic frame:
# C  [librxtxSerial.so+0x75da]  Java_gnu_io_RXTXPort_nativeDrain+0xea
#
# Failed to write core dump. Core dumps have been disabled. To enable core dumping, try "ulimit -c unlimited" before starting Java again
#
# If you would like to submit a bug report, please visit:
#   http://bugreport.sun.com/bugreport/crash.jsp
# The crash happened outside the Java Virtual Machine in native code.
# See problematic frame for where to report the bug.
#

---------------  T H R E A D  ---------------

Current thread (0x00007fe9e80ed000):  JavaThread "SwingWorker-pool-1-thread-2" daemon [_thread_in_native, id=21408, stack(0x00007fea24cbd000,0x00007fea24dbe000)]

siginfo:si_signo=SIGSEGV: si_errno=0, si_code=1 (SEGV_MAPERR), si_addr=0x0000000025ea45ec

Registers:
RAX=0x000000000000001c, RBX=0x00007fea24dbc440, RCX=0x000000000000001b, RDX=0x00007fea24dbc45c
RSP=0x00007fea24dbc270, RBP=0x0000000000000000, RSI=0x000000007fffffe4, RDI=0x00007fea24dbc440
R8 =0x00007fea48fdd900, R9 =0x00000000da83a1e8, R10=0x00007fea49224760, R11=0x0000000000000000
R12=0x0000000000000000, R13=0x00007fe9e80ed1e8, R14=0x0000000025ea45e0, R15=0x0000000000000013
RIP=0x00007fea259205da, EFLAGS=0x0000000000010202, CSGSFS=0x0000000000000033, ERR=0x0000000000000004
  TRAPNO=0x000000000000000e

Top of Stack: (sp=0x00007fea24dbc270)
0x00007fea24dbc270:   00007fe9e802a9b8 00007fea24dbc548
0x00007fea24dbc280:   000000008601cfb8 00007fe9e802a9b0
0x00007fea24dbc290:   00007fea24dbc350 00007fea487d6b19
0x00007fea24dbc2a0:   00007fe9e80ed000 00007fe9e802a9a8
0x00007fea24dbc2b0:   00007fea24dbc48f 00007fe9e802a9a8
0x00007fea24dbc2c0:   00007fea48ddbd10 0000005000000000
0x00007fea24dbc2d0:   0000000000000020 0000000000000000
0x00007fea24dbc2e0:   0000000000000000 00007fea00252e10
0x00007fea24dbc2f0:   0000000000000020 0000000000000100
0x00007fea24dbc300:   0000000000000000 0000000000000000
0x00007fea24dbc310:   000000000000000b 00007fea259204f0
0x00007fea24dbc320:   0000000000000020 00007fe9e802a9a8
0x00007fea24dbc330:   0000000000000000 00007fe9e80ed000
0x00007fea24dbc340:   00007fea24dbc48f 0000000000000003
0x00007fea24dbc350:   00007fea24dbc3b0 00007fea487d72ce
0x00007fea24dbc360:   00007fe9e80ed000 00007fea00252cd0
0x00007fea24dbc370:   00007fea00252de0 00007fea002530b8
0x00007fea24dbc380:   00000000000003d8 00007fe9e80f0f10
0x00007fea24dbc390:   00007fe9e802a9a8 00007fe9e80ed000
0x00007fea24dbc3a0:   00007fea00252cd0 00007fe9e802a9a8
0x00007fea24dbc3b0:   00007fea24dbc410 00007fea487d782e
0x00007fea24dbc3c0:   00007fea24dbc48f 00007fea00252ce0
0x00007fea24dbc3d0:   00007fea48de0870 00007fea45b6eb50
0x00007fea24dbc3e0:   0000000000000003 00007fea24dbc48f
0x00007fea24dbc3f0:   0000000000001428 00007fe900000009
0x00007fea24dbc400:   00007fe9e802a9a8 00007fea24dbc48f
0x00007fea24dbc410:   00007fea24dbc470 00007fea487d7943
0x00007fea24dbc420:   00007fea24dbc540 00007fea3d01d4c3
0x00007fea24dbc430:   00007fea3d005310 00007fea00000000
0x00007fea24dbc440:   74726f5058545852 29286e696172643a
0x00007fea24dbc450:   736e727574657220 000000000a30203a
0x00007fea24dbc460:   00007fea24dbca70 00007fe9e8169100 

Instructions: (pc=0x00007fea259205da)
0x00007fea259205ba:   00 00 48 8d 35 7f 25 00 00 48 89 c1 4c 89 ef e8
0x00007fea259205ca:   a2 c2 ff ff 80 7c 24 07 00 75 3b 4d 85 f6 74 36
0x00007fea259205da:   45 8b 7e 0c 45 85 ff 74 2d 48 8d 5c 24 10 48 8d
0x00007fea259205ea:   54 24 08 4c 89 ee 4c 89 f1 48 89 df e8 a5 c3 ff 

Register to memory mapping:

RAX=0x000000000000001c is an unknown value
RBX=0x00007fea24dbc440 is pointing into the stack for thread: 0x00007fe9e80ed000
RCX=0x000000000000001b is an unknown value
RDX=0x00007fea24dbc45c is pointing into the stack for thread: 0x00007fe9e80ed000
RSP=0x00007fea24dbc270 is pointing into the stack for thread: 0x00007fe9e80ed000
RBP=0x0000000000000000 is an unknown value
RSI=0x000000007fffffe4 is an unknown value
RDI=0x00007fea24dbc440 is pointing into the stack for thread: 0x00007fe9e80ed000
R8 =0x00007fea48fdd900: _itoa_lower_digits+0 in /lib/x86_64-linux-gnu/libc.so.6 at 0x00007fea48e66000
R9 =0x00000000da83a1e8 is an oop
gnu.io.RXTXPort 
 - klass: 'gnu/io/RXTXPort'
R10=0x00007fea49224760: <offset 0x3be760> in /lib/x86_64-linux-gnu/libc.so.6 at 0x00007fea48e66000
R11=0x0000000000000000 is an unknown value
R12=0x0000000000000000 is an unknown value
R13=0x00007fe9e80ed1e8 is an unknown value
R14=0x0000000025ea45e0 is an unknown value
R15=0x0000000000000013 is an unknown value


Stack: [0x00007fea24cbd000,0x00007fea24dbe000],  sp=0x00007fea24dbc270,  free space=1020k
Native frames: (J=compiled Java code, j=interpreted, Vv=VM code, C=native code)
C  [librxtxSerial.so+0x75da]  Java_gnu_io_RXTXPort_nativeDrain+0xea

[error occurred during error reporting (printing native stack), id 0xb]

Java frames: (J=compiled Java code, j=interpreted, Vv=VM code)
j  gnu.io.RXTXPort.nativeDrain(Z)Z+0
j  gnu.io.RXTXPort$SerialOutputStream.flush()V+92
j  visualapp.view.MySerial.send(Ljava/lang/String;)V+13
j  visualapp.view.MainFrm$serialTask.doInBackground()Ljava/lang/Void;+77
j  visualapp.view.MainFrm$serialTask.doInBackground()Ljava/lang/Object;+1
j  javax.swing.SwingWorker$1.call()Ljava/lang/Object;+14
j  java.util.concurrent.FutureTask.run()V+42
j  javax.swing.SwingWorker.run()V+4
j  java.util.concurrent.ThreadPoolExecutor.runWorker(Ljava/util/concurrent/ThreadPoolExecutor$Worker;)V+95
j  java.util.concurrent.ThreadPoolExecutor$Worker.run()V+5
j  java.lang.Thread.run()V+11
v  ~StubRoutines::call_stub

---------------  P R O C E S S  ---------------

Java Threads: ( => current thread )
=>0x00007fe9e80ed000 JavaThread "SwingWorker-pool-1-thread-2" daemon [_thread_in_native, id=21408, stack(0x00007fea24cbd000,0x00007fea24dbe000)]
  0x00007fe9e80ec800 JavaThread "SwingWorker-pool-1-thread-1" daemon [_thread_blocked, id=21407, stack(0x00007fea24dbe000,0x00007fea24ebf000)]
  0x00007fe9e80f1800 JavaThread "Thread-1" daemon [_thread_in_native, id=21406, stack(0x00007fea25da5000,0x00007fea25ea6000)]
  0x00007fe9e8135800 JavaThread "TimerQueue" daemon [_thread_blocked, id=20996, stack(0x00007fea24ebf000,0x00007fea24fc0000)]
  0x00007fe9e810a000 JavaThread "RequestProcessor queue manager" daemon [_thread_blocked, id=20995, stack(0x00007fea25717000,0x00007fea25818000)]
  0x00007fe9e8106800 JavaThread "Active Reference Queue Daemon" daemon [_thread_blocked, id=20994, stack(0x00007fea25818000,0x00007fea25919000)]
  0x00007fea4000a000 JavaThread "DestroyJavaVM" [_thread_blocked, id=20974, stack(0x00007fea49968000,0x00007fea49a69000)]
  0x00007fea40206800 JavaThread "AWT-EventQueue-0" [_thread_in_Java, id=20992, stack(0x00007fea25ea6000,0x00007fea25fa7000)]
  0x00007fea40238000 JavaThread "AWT-Shutdown" [_thread_blocked, id=20991, stack(0x00007fea25fa7000,0x00007fea260a8000)]
  0x00007fea401bd000 JavaThread "AWT-XAWT" daemon [_thread_in_native, id=20990, stack(0x00007fea2695f000,0x00007fea26a60000)]
  0x00007fea401a4800 JavaThread "Java2D Disposer" daemon [_thread_blocked, id=20989, stack(0x00007fea3c0e9000,0x00007fea3c1ea000)]
  0x00007fea400a3000 JavaThread "Service Thread" daemon [_thread_blocked, id=20987, stack(0x00007fea3c5bd000,0x00007fea3c6be000)]
  0x00007fea400a0800 JavaThread "C2 CompilerThread1" daemon [_thread_blocked, id=20986, stack(0x00007fea3c6be000,0x00007fea3c7bf000)]
  0x00007fea4009d800 JavaThread "C2 CompilerThread0" daemon [_thread_blocked, id=20985, stack(0x00007fea3c7bf000,0x00007fea3c8c0000)]
  0x00007fea4009c800 JavaThread "Signal Dispatcher" daemon [_thread_blocked, id=20984, stack(0x00007fea3c8c0000,0x00007fea3c9c1000)]
  0x00007fea40074000 JavaThread "Finalizer" daemon [_thread_blocked, id=20983, stack(0x00007fea3ceff000,0x00007fea3d000000)]
  0x00007fea40072000 JavaThread "Reference Handler" daemon [_thread_blocked, id=20982, stack(0x00007fea440ec000,0x00007fea441ed000)]

Other Threads:
  0x00007fea4006e000 VMThread [stack: 0x00007fea441ed000,0x00007fea442ee000] [id=20981]
  0x00007fea400b5800 WatcherThread [stack: 0x00007fea3c4bc000,0x00007fea3c5bd000] [id=20988]

VM state:not at safepoint (normal execution)

VM Mutex/Monitor currently owned by a thread: None

Heap
 PSYoungGen      total 35328K, used 26595K [0x00000000d9080000, 0x00000000db780000, 0x0000000100000000)
  eden space 30720K, 86% used [0x00000000d9080000,0x00000000daa78e68,0x00000000dae80000)
  from space 4608K, 0% used [0x00000000db300000,0x00000000db300000,0x00000000db780000)
  to   space 4608K, 0% used [0x00000000dae80000,0x00000000dae80000,0x00000000db300000)
 ParOldGen       total 79360K, used 0K [0x000000008b200000, 0x000000008ff80000, 0x00000000d9080000)
  object space 79360K, 0% used [0x000000008b200000,0x000000008b200000,0x000000008ff80000)
 PSPermGen       total 21504K, used 18033K [0x0000000086000000, 0x0000000087500000, 0x000000008b200000)
  object space 21504K, 83% used [0x0000000086000000,0x000000008719c728,0x0000000087500000)

Card table byte_map: [0x00007fea46883000,0x00007fea46c54000] byte_map_base: 0x00007fea46453000

Polling page: 0x00007fea49a84000

Code Cache  [0x00007fea3d000000, 0x00007fea3d270000, 0x00007fea40000000)
 total_blobs=639 nmethods=97 adapters=496 free_code_cache=48350Kb largest_free_block=49480896

Compilation events (10 events):
Event: 7.559 Thread 0x00007fea4009d800   92             java.util.concurrent.locks.AbstractQueuedSynchronizer::setState (6 bytes)
Event: 7.560 Thread 0x00007fea4009d800 nmethod 92 0x00007fea3d0bfa10 code [0x00007fea3d0bfb40, 0x00007fea3d0bfb98]
Event: 13.559 Thread 0x00007fea400a0800   94             java.util.concurrent.locks.AbstractQueuedSynchronizer::compareAndSetState (13 bytes)
Event: 13.560 Thread 0x00007fea400a0800 nmethod 94 0x00007fea3d0c6790 code [0x00007fea3d0c68c0, 0x00007fea3d0c6918]
Event: 13.575 Thread 0x00007fea4009d800   95             java.awt.Component::getParent_NoClientCode (5 bytes)
Event: 13.576 Thread 0x00007fea4009d800 nmethod 95 0x00007fea3d0c6590 code [0x00007fea3d0c66c0, 0x00007fea3d0c6718]
Event: 13.583 Thread 0x00007fea400a0800   96             java.util.concurrent.locks.AbstractQueuedSynchronizer::release (33 bytes)
Event: 13.593 Thread 0x00007fea400a0800 nmethod 96 0x00007fea3d0c7c50 code [0x00007fea3d0c7da0, 0x00007fea3d0c7f88]
Event: 13.687 Thread 0x00007fea4009d800   97             java.util.concurrent.locks.ReentrantLock::unlock (10 bytes)
Event: 13.696 Thread 0x00007fea4009d800 nmethod 97 0x00007fea3d0c77d0 code [0x00007fea3d0c7920, 0x00007fea3d0c7aa8]

GC Heap History (0 events):
No events

Deoptimization events (7 events):
Event: 0.157 Thread 0x00007fea4000a000 Uncommon trap: reason=class_check action=maybe_recompile pc=0x00007fea3d075130 method=java.util.Properties$LineReader.readLine()I @ 62
Event: 1.259 Thread 0x00007fea40206800 Uncommon trap: reason=class_check action=maybe_recompile pc=0x00007fea3d075130 method=java.util.Properties$LineReader.readLine()I @ 62
Event: 1.259 Thread 0x00007fea40206800 Uncommon trap: reason=class_check action=maybe_recompile pc=0x00007fea3d075130 method=java.util.Properties$LineReader.readLine()I @ 62
Event: 3.167 Thread 0x00007fea40206800 Uncommon trap: reason=class_check action=maybe_recompile pc=0x00007fea3d075c0c method=java.lang.String.equals(Ljava/lang/Object;)Z @ 8
Event: 3.167 Thread 0x00007fea40206800 Uncommon trap: reason=class_check action=maybe_recompile pc=0x00007fea3d075c0c method=java.lang.String.equals(Ljava/lang/Object;)Z @ 8
Event: 3.168 Thread 0x00007fea40206800 Uncommon trap: reason=class_check action=maybe_recompile pc=0x00007fea3d075c0c method=java.lang.String.equals(Ljava/lang/Object;)Z @ 8
Event: 3.168 Thread 0x00007fea40206800 Uncommon trap: reason=class_check action=maybe_recompile pc=0x00007fea3d075c0c method=java.lang.String.equals(Ljava/lang/Object;)Z @ 8

Internal exceptions (10 events):
Event: 3.120 Thread 0x00007fea40206800 Threw 0x00000000da4971f0 at /HUDSON/workspace/7u-2-build-linux-amd64/jdk7u67/1368/hotspot/src/share/vm/prims/jvm.cpp:1244
Event: 3.131 Thread 0x00007fea40206800 Threw 0x00000000da4ab888 at /HUDSON/workspace/7u-2-build-linux-amd64/jdk7u67/1368/hotspot/src/share/vm/prims/jvm.cpp:1244
Event: 3.177 Thread 0x00007fea40206800 Threw 0x00000000da5e8530 at /HUDSON/workspace/7u-2-build-linux-amd64/jdk7u67/1368/hotspot/src/share/vm/prims/jvm.cpp:1244
Event: 14.216 Thread 0x00007fea40206800 Threw 0x00000000da82cdd8 at /HUDSON/workspace/7u-2-build-linux-amd64/jdk7u67/1368/hotspot/src/share/vm/prims/jvm.cpp:1244
Event: 14.216 Thread 0x00007fea40206800 Threw 0x00000000da831560 at /HUDSON/workspace/7u-2-build-linux-amd64/jdk7u67/1368/hotspot/src/share/vm/prims/jvm.cpp:1244
Event: 14.217 Thread 0x00007fea40206800 Threw 0x00000000da834a40 at /HUDSON/workspace/7u-2-build-linux-amd64/jdk7u67/1368/hotspot/src/share/vm/prims/jvm.cpp:1244
Event: 14.217 Thread 0x00007fea40206800 Threw 0x00000000da838168 at /HUDSON/workspace/7u-2-build-linux-amd64/jdk7u67/1368/hotspot/src/share/vm/prims/jvm.cpp:1244
Event: 14.332 Thread 0x00007fea40206800 Threw 0x00000000da83ad58 at /HUDSON/workspace/7u-2-build-linux-amd64/jdk7u67/1368/hotspot/src/share/vm/prims/jvm.cpp:1244
Event: 14.340 Thread 0x00007fea40206800 Threw 0x00000000da83e598 at /HUDSON/workspace/7u-2-build-linux-amd64/jdk7u67/1368/hotspot/src/share/vm/prims/jvm.cpp:1244
Event: 14.346 Thread 0x00007fea40206800 Threw 0x00000000da8446a8 at /HUDSON/workspace/7u-2-build-linux-amd64/jdk7u67/1368/hotspot/src/share/vm/prims/jvm.cpp:1244

Events (10 events):
Event: 14.346 loading class 0x00007fea00012d90
Event: 14.346 loading class 0x00007fea00012d90 done
Event: 14.346 Thread 0x00007fe9e80ec800 Thread added: 0x00007fe9e80ec800
Event: 14.346 loading class 0x00007fea400cb410
Event: 14.346 loading class 0x00007fea400cb410 done
Event: 14.347 loading class 0x00007fea0c1d30f0
Event: 14.347 loading class 0x00007fea0c1d30f0 done
Event: 14.347 Thread 0x00007fe9e80ed000 Thread added: 0x00007fe9e80ed000
Event: 14.348 Executing VM operation: RevokeBias
Event: 14.348 Executing VM operation: RevokeBias done


Dynamic libraries:
00400000-00401000 r-xp 00000000 08:01 262002                             /usr/lib/jvm/jdk1.7.0/bin/java
00600000-00601000 rw-p 00000000 08:01 262002                             /usr/lib/jvm/jdk1.7.0/bin/java
0238d000-023ae000 rw-p 00000000 00:00 0                                  [heap]
86000000-87500000 rw-p 00000000 00:00 0 
87500000-8b200000 rw-p 00000000 00:00 0 
8b200000-8ff80000 rw-p 00000000 00:00 0 
8ff80000-d9080000 rw-p 00000000 00:00 0 
d9080000-db780000 rw-p 00000000 00:00 0 
db780000-100000000 rw-p 00000000 00:00 0 
7fe9d0000000-7fe9d0021000 rw-p 00000000 00:00 0 
7fe9d0021000-7fe9d4000000 ---p 00000000 00:00 0 
7fe9d8000000-7fe9d8021000 rw-p 00000000 00:00 0 
7fe9d8021000-7fe9dc000000 ---p 00000000 00:00 0 
7fe9dc000000-7fe9dc021000 rw-p 00000000 00:00 0 
7fe9dc021000-7fe9e0000000 ---p 00000000 00:00 0 
7fe9e0000000-7fe9e0021000 rw-p 00000000 00:00 0 
7fe9e0021000-7fe9e4000000 ---p 00000000 00:00 0 
7fe9e4000000-7fe9e4021000 rw-p 00000000 00:00 0 
7fe9e4021000-7fe9e8000000 ---p 00000000 00:00 0 
7fe9e8000000-7fe9e8182000 rw-p 00000000 00:00 0 
7fe9e8182000-7fe9ec000000 ---p 00000000 00:00 0 
7fe9ec000000-7fe9ec06b000 rw-p 00000000 00:00 0 
7fe9ec06b000-7fe9f0000000 ---p 00000000 00:00 0 
7fe9f0000000-7fe9f0021000 rw-p 00000000 00:00 0 
7fe9f0021000-7fe9f4000000 ---p 00000000 00:00 0 
7fe9f4000000-7fe9f4021000 rw-p 00000000 00:00 0 
7fe9f4021000-7fe9f8000000 ---p 00000000 00:00 0 
7fe9f8000000-7fe9f8021000 rw-p 00000000 00:00 0 
7fe9f8021000-7fe9fc000000 ---p 00000000 00:00 0 
7fe9fc000000-7fe9fc021000 rw-p 00000000 00:00 0 
7fe9fc021000-7fea00000000 ---p 00000000 00:00 0 
7fea00000000-7fea00586000 rw-p 00000000 00:00 0 
7fea00586000-7fea04000000 ---p 00000000 00:00 0 
7fea04000000-7fea04021000 rw-p 00000000 00:00 0 
7fea04021000-7fea08000000 ---p 00000000 00:00 0 
7fea08000000-7fea08021000 rw-p 00000000 00:00 0 
7fea08021000-7fea0c000000 ---p 00000000 00:00 0 
7fea0c000000-7fea0c35a000 rw-p 00000000 00:00 0 
7fea0c35a000-7fea10000000 ---p 00000000 00:00 0 
7fea10000000-7fea10021000 rw-p 00000000 00:00 0 
7fea10021000-7fea14000000 ---p 00000000 00:00 0 
7fea14000000-7fea14021000 rw-p 00000000 00:00 0 
7fea14021000-7fea18000000 ---p 00000000 00:00 0 
7fea18000000-7fea18021000 rw-p 00000000 00:00 0 
7fea18021000-7fea1c000000 ---p 00000000 00:00 0 
7fea1c000000-7fea1c021000 rw-p 00000000 00:00 0 
7fea1c021000-7fea20000000 ---p 00000000 00:00 0 
7fea20000000-7fea20021000 rw-p 00000000 00:00 0 
7fea20021000-7fea24000000 ---p 00000000 00:00 0 
7fea24cbd000-7fea24cc0000 ---p 00000000 00:00 0 
7fea24cc0000-7fea24dbe000 rw-p 00000000 00:00 0                          [stack:21408]
7fea24dbe000-7fea24dc1000 ---p 00000000 00:00 0 
7fea24dc1000-7fea24ebf000 rw-p 00000000 00:00 0                          [stack:21407]
7fea24ebf000-7fea24ec2000 ---p 00000000 00:00 0 
7fea24ec2000-7fea24fc0000 rw-p 00000000 00:00 0                          [stack:20996]
7fea24fc0000-7fea254ea000 rw-s 00000000 00:04 878116873                  /SYSV00000000 (deleted)
7fea254ea000-7fea25514000 r-xp 00000000 08:01 296768                     /usr/lib/jvm/jdk1.7.0/jre/lib/amd64/libdcpr.so
7fea25514000-7fea25714000 ---p 0002a000 08:01 296768                     /usr/lib/jvm/jdk1.7.0/jre/lib/amd64/libdcpr.so
7fea25714000-7fea25717000 rw-p 0002a000 08:01 296768                     /usr/lib/jvm/jdk1.7.0/jre/lib/amd64/libdcpr.so
7fea25717000-7fea2571a000 ---p 00000000 00:00 0 
7fea2571a000-7fea25818000 rw-p 00000000 00:00 0                          [stack:20995]
7fea25818000-7fea2581b000 ---p 00000000 00:00 0 
7fea2581b000-7fea25919000 rw-p 00000000 00:00 0                          [stack:20994]
7fea25919000-7fea25926000 r-xp 00000000 08:01 296809                     /usr/lib/jvm/jdk1.7.0/jre/lib/amd64/librxtxSerial.so
7fea25926000-7fea25b25000 ---p 0000d000 08:01 296809                     /usr/lib/jvm/jdk1.7.0/jre/lib/amd64/librxtxSerial.so
7fea25b25000-7fea25b26000 rw-p 0000c000 08:01 296809                     /usr/lib/jvm/jdk1.7.0/jre/lib/amd64/librxtxSerial.so
7fea25b26000-7fea25b8f000 r-xp 00000000 08:01 296785                     /usr/lib/jvm/jdk1.7.0/jre/lib/amd64/libt2k.so
7fea25b8f000-7fea25d8e000 ---p 00069000 08:01 296785                     /usr/lib/jvm/jdk1.7.0/jre/lib/amd64/libt2k.so
7fea25d8e000-7fea25d95000 rw-p 00068000 08:01 296785                     /usr/lib/jvm/jdk1.7.0/jre/lib/amd64/libt2k.so
7fea25d95000-7fea25da5000 rw-p 00000000 00:00 0 
7fea25da5000-7fea25da8000 ---p 00000000 00:00 0 
7fea25da8000-7fea25ea6000 rw-p 00000000 00:00 0                          [stack:21406]
7fea25ea6000-7fea25ea9000 ---p 00000000 00:00 0 
7fea25ea9000-7fea25fa7000 rw-p 00000000 00:00 0                          [stack:20992]
7fea25fa7000-7fea25faa000 ---p 00000000 00:00 0 
7fea25faa000-7fea260a8000 rw-p 00000000 00:00 0                          [stack:20991]
7fea260a8000-7fea260b8000 r-xp 00000000 08:01 296791                     /usr/lib/jvm/jdk1.7.0/jre/lib/amd64/libnio.so
7fea260b8000-7fea262b8000 ---p 00010000 08:01 296791                     /usr/lib/jvm/jdk1.7.0/jre/lib/amd64/libnio.so
7fea262b8000-7fea262b9000 rw-p 00010000 08:01 296791                     /usr/lib/jvm/jdk1.7.0/jre/lib/amd64/libnio.so
7fea262b9000-7fea262cf000 r-xp 00000000 08:01 296796                     /usr/lib/jvm/jdk1.7.0/jre/lib/amd64/libnet.so
7fea262cf000-7fea264cf000 ---p 00016000 08:01 296796                     /usr/lib/jvm/jdk1.7.0/jre/lib/amd64/libnet.so
7fea264cf000-7fea264d0000 rw-p 00016000 08:01 296796                     /usr/lib/jvm/jdk1.7.0/jre/lib/amd64/libnet.so
7fea264d0000-7fea264e6000 r-xp 00000000 08:01 395366                     /lib/x86_64-linux-gnu/libgcc_s.so.1
7fea264e6000-7fea266e5000 ---p 00016000 08:01 395366                     /lib/x86_64-linux-gnu/libgcc_s.so.1
7fea266e5000-7fea266e6000 rw-p 00015000 08:01 395366                     /lib/x86_64-linux-gnu/libgcc_s.so.1
7fea266e6000-7fea2674b000 r-xp 00000000 08:01 296786                     /usr/lib/jvm/jdk1.7.0/jre/lib/amd64/libfontmanager.so
7fea2674b000-7fea2694a000 ---p 00065000 08:01 296786                     /usr/lib/jvm/jdk1.7.0/jre/lib/amd64/libfontmanager.so
7fea2694a000-7fea2694e000 rw-p 00064000 08:01 296786                     /usr/lib/jvm/jdk1.7.0/jre/lib/amd64/libfontmanager.so
7fea2694e000-7fea2695f000 rw-p 00000000 00:00 0 
7fea2695f000-7fea26962000 ---p 00000000 00:00 0 
7fea26962000-7fea26a60000 rw-p 00000000 00:00 0                          [stack:20990]
7fea26a60000-7fea26a65000 r-xp 00000000 08:01 142270                     /usr/lib/x86_64-linux-gnu/libXfixes.so.3.1.0
7fea26a65000-7fea26c64000 ---p 00005000 08:01 142270                     /usr/lib/x86_64-linux-gnu/libXfixes.so.3.1.0
7fea26c64000-7fea26c65000 r--p 00004000 08:01 142270                     /usr/lib/x86_64-linux-gnu/libXfixes.so.3.1.0
7fea26c65000-7fea26c66000 rw-p 00005000 08:01 142270                     /usr/lib/x86_64-linux-gnu/libXfixes.so.3.1.0
7fea26c66000-7fea26c6f000 r-xp 00000000 08:01 142262                     /usr/lib/x86_64-linux-gnu/libXcursor.so.1.0.2
7fea26c6f000-7fea26e6e000 ---p 00009000 08:01 142262                     /usr/lib/x86_64-linux-gnu/libXcursor.so.1.0.2
7fea26e6e000-7fea26e6f000 r--p 00008000 08:01 142262                     /usr/lib/x86_64-linux-gnu/libXcursor.so.1.0.2
7fea26e6f000-7fea26e70000 rw-p 00009000 08:01 142262                     /usr/lib/x86_64-linux-gnu/libXcursor.so.1.0.2
7fea26e70000-7fea26e75000 r-xp 00000000 08:01 142266                     /usr/lib/x86_64-linux-gnu/libXdmcp.so.6.0.0
7fea26e75000-7fea27074000 ---p 00005000 08:01 142266                     /usr/lib/x86_64-linux-gnu/libXdmcp.so.6.0.0
7fea27074000-7fea27075000 r--p 00004000 08:01 142266                     /usr/lib/x86_64-linux-gnu/libXdmcp.so.6.0.0
7fea27075000-7fea27076000 rw-p 00005000 08:01 142266                     /usr/lib/x86_64-linux-gnu/libXdmcp.so.6.0.0
7fea27076000-7fea27078000 r-xp 00000000 08:01 142255                     /usr/lib/x86_64-linux-gnu/libXau.so.6.0.0
7fea27078000-7fea27278000 ---p 00002000 08:01 142255                     /usr/lib/x86_64-linux-gnu/libXau.so.6.0.0
7fea27278000-7fea27279000 r--p 00002000 08:01 142255                     /usr/lib/x86_64-linux-gnu/libXau.so.6.0.0
7fea27279000-7fea2727a000 rw-p 00003000 08:01 142255                     /usr/lib/x86_64-linux-gnu/libXau.so.6.0.0
7fea2727a000-7fea27297000 r-xp 00000000 08:01 143523                     /usr/lib/x86_64-linux-gnu/libxcb.so.1.1.0
7fea27297000-7fea27497000 ---p 0001d000 08:01 143523                     /usr/lib/x86_64-linux-gnu/libxcb.so.1.1.0
7fea27497000-7fea27498000 r--p 0001d000 08:01 143523                     /usr/lib/x86_64-linux-gnu/libxcb.so.1.1.0
7fea27498000-7fea27499000 rw-p 0001e000 08:01 143523                     /usr/lib/x86_64-linux-gnu/libxcb.so.1.1.0
7fea27499000-7fea274a8000 r-xp 00000000 08:01 142276                     /usr/lib/x86_64-linux-gnu/libXi.so.6.1.0
7fea274a8000-7fea276a7000 ---p 0000f000 08:01 142276                     /usr/lib/x86_64-linux-gnu/libXi.so.6.1.0
7fea276a7000-7fea276a8000 r--p 0000e000 08:01 142276                     /usr/lib/x86_64-linux-gnu/libXi.so.6.1.0
7fea276a8000-7fea276a9000 rw-p 0000f000 08:01 142276                     /usr/lib/x86_64-linux-gnu/libXi.so.6.1.0
7fea276a9000-7fea276ae000 r-xp 00000000 08:01 142296                     /usr/lib/x86_64-linux-gnu/libXtst.so.6.1.0
7fea276ae000-7fea278ad000 ---p 00005000 08:01 142296                     /usr/lib/x86_64-linux-gnu/libXtst.so.6.1.0
7fea278ad000-7fea278ae000 r--p 00004000 08:01 142296                     /usr/lib/x86_64-linux-gnu/libXtst.so.6.1.0
7fea278ae000-7fea278af000 rw-p 00005000 08:01 142296                     /usr/lib/x86_64-linux-gnu/libXtst.so.6.1.0
7fea278af000-7fea278b8000 r-xp 00000000 08:01 142290                     /usr/lib/x86_64-linux-gnu/libXrender.so.1.3.0
7fea278b8000-7fea27ab7000 ---p 00009000 08:01 142290                     /usr/lib/x86_64-linux-gnu/libXrender.so.1.3.0
7fea27ab7000-7fea27ab8000 r--p 00008000 08:01 142290                     /usr/lib/x86_64-linux-gnu/libXrender.so.1.3.0
7fea27ab8000-7fea27ab9000 rw-p 00009000 08:01 142290                     /usr/lib/x86_64-linux-gnu/libXrender.so.1.3.0
7fea27ab9000-7fea27be9000 r-xp 00000000 08:01 142251                     /usr/lib/x86_64-linux-gnu/libX11.so.6.3.0
7fea27be9000-7fea27de9000 ---p 00130000 08:01 142251                     /usr/lib/x86_64-linux-gnu/libX11.so.6.3.0
7fea27de9000-7fea27dea000 r--p 00130000 08:01 142251                     /usr/lib/x86_64-linux-gnu/libX11.so.6.3.0
7fea27dea000-7fea27dee000 rw-p 00131000 08:01 142251                     /usr/lib/x86_64-linux-gnu/libX11.so.6.3.0
7fea27dee000-7fea27dff000 r-xp 00000000 08:01 142268                     /usr/lib/x86_64-linux-gnu/libXext.so.6.4.0
7fea27dff000-7fea27ffe000 ---p 00011000 08:01 142268                     /usr/lib/x86_64-linux-gnu/libXext.so.6.4.0
7fea27ffe000-7fea27fff000 r--p 00010000 08:01 142268                     /usr/lib/x86_64-linux-gnu/libXext.so.6.4.0
7fea27fff000-7fea28000000 rw-p 00011000 08:01 142268                     /usr/lib/x86_64-linux-gnu/libXext.so.6.4.0
7fea28000000-7fea28021000 rw-p 00000000 00:00 0 
7fea28021000-7fea2c000000 ---p 00000000 00:00 0 
7fea2c0ab000-7fea2c0fb000 r-xp 00000000 08:01 296801                     /usr/lib/jvm/jdk1.7.0/jre/lib/amd64/xawt/libmawt.so
7fea2c0fb000-7fea2c2fb000 ---p 00050000 08:01 296801                     /usr/lib/jvm/jdk1.7.0/jre/lib/amd64/xawt/libmawt.so
7fea2c2fb000-7fea2c2ff000 rw-p 00050000 08:01 296801                     /usr/lib/jvm/jdk1.7.0/jre/lib/amd64/xawt/libmawt.so
7fea2c2ff000-7fea30000000 rw-p 00000000 00:00 0 
7fea30000000-7fea30021000 rw-p 00000000 00:00 0 
7fea30021000-7fea34000000 ---p 00000000 00:00 0 
7fea34000000-7fea34021000 rw-p 00000000 00:00 0 
7fea34021000-7fea38000000 ---p 00000000 00:00 0 
7fea38000000-7fea38021000 rw-p 00000000 00:00 0 
7fea38021000-7fea3c000000 ---p 00000000 00:00 0 
7fea3c0e9000-7fea3c0ec000 ---p 00000000 00:00 0 
7fea3c0ec000-7fea3c1ea000 rw-p 00000000 00:00 0                          [stack:20989]
7fea3c1ea000-7fea3c28c000 r-xp 00000000 08:01 296766                     /usr/lib/jvm/jdk1.7.0/jre/lib/amd64/libawt.so
7fea3c28c000-7fea3c48c000 ---p 000a2000 08:01 296766                     /usr/lib/jvm/jdk1.7.0/jre/lib/amd64/libawt.so
7fea3c48c000-7fea3c498000 rw-p 000a2000 08:01 296766                     /usr/lib/jvm/jdk1.7.0/jre/lib/amd64/libawt.so
7fea3c498000-7fea3c4bc000 rw-p 00000000 00:00 0 
7fea3c4bc000-7fea3c4bd000 ---p 00000000 00:00 0 
7fea3c4bd000-7fea3c5bd000 rw-p 00000000 00:00 0                          [stack:20988]
7fea3c5bd000-7fea3c5c0000 ---p 00000000 00:00 0 
7fea3c5c0000-7fea3c6be000 rw-p 00000000 00:00 0                          [stack:20987]
7fea3c6be000-7fea3c6c1000 ---p 00000000 00:00 0 
7fea3c6c1000-7fea3c7bf000 rw-p 00000000 00:00 0                          [stack:20986]
7fea3c7bf000-7fea3c7c2000 ---p 00000000 00:00 0 
7fea3c7c2000-7fea3c8c0000 rw-p 00000000 00:00 0                          [stack:20985]
7fea3c8c0000-7fea3c8c3000 ---p 00000000 00:00 0 
7fea3c8c3000-7fea3c9c1000 rw-p 00000000 00:00 0                          [stack:20984]
7fea3c9c1000-7fea3ceff000 r--p 00000000 08:01 137832                     /usr/lib/locale/locale-archive
7fea3ceff000-7fea3cf02000 ---p 00000000 00:00 0 
7fea3cf02000-7fea3d000000 rw-p 00000000 00:00 0                          [stack:20983]
7fea3d000000-7fea3d270000 rwxp 00000000 00:00 0 
7fea3d270000-7fea40262000 rw-p 00000000 00:00 0 
7fea40262000-7fea44000000 ---p 00000000 00:00 0 
7fea44018000-7fea44022000 r--s 00251000 08:01 296706                     /usr/lib/jvm/jdk1.7.0/jre/lib/resources.jar
7fea44022000-7fea44026000 r--s 000f7000 08:01 297333                     /usr/lib/jvm/jdk1.7.0/jre/lib/ext/localedata.jar
7fea44026000-7fea44027000 r--s 00000000 08:01 150085                     /var/cache/fontconfig/c05880de57d1f5e948fdfacc138775d9-le64.cache-4
7fea44027000-7fea44032000 r--s 00000000 08:01 150081                     /var/cache/fontconfig/945677eb7aeaf62f1d50efc3fb3ec7d8-le64.cache-4
7fea44032000-7fea4403a000 r--s 00000000 08:01 150093                     /var/cache/fontconfig/e25ca923d7a08ab6b0777bd7eb77ea77-le64.cache-4
7fea4403a000-7fea44040000 r--s 00000000 08:01 150069                     /var/cache/fontconfig/2cd17615ca594fa2959ae173292e504c-le64.cache-4
7fea44040000-7fea44044000 r--s 00000000 08:01 150078                     /var/cache/fontconfig/6d41288fd70b0be22e8c3a91e032eec0-le64.cache-4
7fea44044000-7fea44058000 r--s 00000000 08:01 159744                     /var/cache/fontconfig/04aabc0a78ac019cf9454389977116d2-le64.cache-4
7fea44058000-7fea44093000 r--s 00000000 08:01 150071                     /var/cache/fontconfig/365b55f210c0a22e9a19e35191240f32-le64.cache-4
7fea44093000-7fea4409a000 r--s 00000000 08:01 150070                     /var/cache/fontconfig/3047814df9a2f067bd2d96a2b9c36e5a-le64.cache-4
7fea4409a000-7fea4409d000 r--s 00000000 08:01 150094                     /var/cache/fontconfig/e49e89034d371f0f9de17aab02136486-le64.cache-4
7fea4409d000-7fea440b0000 r--s 00000000 08:01 150089                     /var/cache/fontconfig/d52a8644073d54c13679302ca1180695-le64.cache-4
7fea440b0000-7fea440bb000 r--s 00000000 08:01 150090                     /var/cache/fontconfig/d589a48862398ed80a3d6066f4f56f4c-le64.cache-4
7fea440bb000-7fea440ec000 rw-p 00000000 00:00 0 
7fea440ec000-7fea440ef000 ---p 00000000 00:00 0 
7fea440ef000-7fea441ed000 rw-p 00000000 00:00 0                          [stack:20982]
7fea441ed000-7fea441ee000 ---p 00000000 00:00 0 
7fea441ee000-7fea45935000 rw-p 00000000 00:00 0                          [stack:20981]
7fea45935000-7fea45af4000 r--s 039e5000 08:01 296692                     /usr/lib/jvm/jdk1.7.0/jre/lib/rt.jar
7fea45af4000-7fea45fe4000 rw-p 00000000 00:00 0 
7fea45fe4000-7fea45fe5000 ---p 00000000 00:00 0 
7fea45fe5000-7fea460e5000 rw-p 00000000 00:00 0                          [stack:20980]
7fea460e5000-7fea460e6000 ---p 00000000 00:00 0 
7fea460e6000-7fea461e6000 rw-p 00000000 00:00 0                          [stack:20979]
7fea461e6000-7fea461e7000 ---p 00000000 00:00 0 
7fea461e7000-7fea462e7000 rw-p 00000000 00:00 0                          [stack:20978]
7fea462e7000-7fea462e8000 ---p 00000000 00:00 0 
7fea462e8000-7fea463e8000 rw-p 00000000 00:00 0                          [stack:20977]
7fea463e8000-7fea463e9000 ---p 00000000 00:00 0 
7fea463e9000-7fea464e9000 rw-p 00000000 00:00 0                          [stack:20976]
7fea464e9000-7fea464ea000 ---p 00000000 00:00 0 
7fea464ea000-7fea465f5000 rw-p 00000000 00:00 0                          [stack:20975]
7fea465f5000-7fea46613000 rw-p 00000000 00:00 0 
7fea46613000-7fea4663a000 rw-p 00000000 00:00 0 
7fea4663a000-7fea46883000 rw-p 00000000 00:00 0 
7fea46883000-7fea4688e000 rw-p 00000000 00:00 0 
7fea4688e000-7fea468ac000 rw-p 00000000 00:00 0 
7fea468ac000-7fea468d3000 rw-p 00000000 00:00 0 
7fea468d3000-7fea46b1b000 rw-p 00000000 00:00 0 
7fea46b1b000-7fea46b2f000 rw-p 00000000 00:00 0 
7fea46b2f000-7fea46c53000 rw-p 00000000 00:00 0 
7fea46c53000-7fea46c54000 rw-p 00000000 00:00 0 
7fea46c54000-7fea46c6e000 r-xp 00000000 08:01 296771                     /usr/lib/jvm/jdk1.7.0/jre/lib/amd64/libzip.so
7fea46c6e000-7fea46e6e000 ---p 0001a000 08:01 296771                     /usr/lib/jvm/jdk1.7.0/jre/lib/amd64/libzip.so
7fea46e6e000-7fea46e6f000 rw-p 0001a000 08:01 296771                     /usr/lib/jvm/jdk1.7.0/jre/lib/amd64/libzip.so
7fea46e6f000-7fea46e7a000 r-xp 00000000 08:01 395531                     /lib/x86_64-linux-gnu/libnss_files-2.19.so
7fea46e7a000-7fea47079000 ---p 0000b000 08:01 395531                     /lib/x86_64-linux-gnu/libnss_files-2.19.so
7fea47079000-7fea4707a000 r--p 0000a000 08:01 395531                     /lib/x86_64-linux-gnu/libnss_files-2.19.so
7fea4707a000-7fea4707b000 rw-p 0000b000 08:01 395531                     /lib/x86_64-linux-gnu/libnss_files-2.19.so
7fea4707b000-7fea47086000 r-xp 00000000 08:01 400177                     /lib/x86_64-linux-gnu/libnss_nis-2.19.so
7fea47086000-7fea47285000 ---p 0000b000 08:01 400177                     /lib/x86_64-linux-gnu/libnss_nis-2.19.so
7fea47285000-7fea47286000 r--p 0000a000 08:01 400177                     /lib/x86_64-linux-gnu/libnss_nis-2.19.so
7fea47286000-7fea47287000 rw-p 0000b000 08:01 400177                     /lib/x86_64-linux-gnu/libnss_nis-2.19.so
7fea47287000-7fea4729e000 r-xp 00000000 08:01 395307                     /lib/x86_64-linux-gnu/libnsl-2.19.so
7fea4729e000-7fea4749d000 ---p 00017000 08:01 395307                     /lib/x86_64-linux-gnu/libnsl-2.19.so
7fea4749d000-7fea4749e000 r--p 00016000 08:01 395307                     /lib/x86_64-linux-gnu/libnsl-2.19.so
7fea4749e000-7fea4749f000 rw-p 00017000 08:01 395307                     /lib/x86_64-linux-gnu/libnsl-2.19.so
7fea4749f000-7fea474a1000 rw-p 00000000 00:00 0 
7fea474a1000-7fea474aa000 r-xp 00000000 08:01 390294                     /lib/x86_64-linux-gnu/libnss_compat-2.19.so
7fea474aa000-7fea476a9000 ---p 00009000 08:01 390294                     /lib/x86_64-linux-gnu/libnss_compat-2.19.so
7fea476a9000-7fea476aa000 r--p 00008000 08:01 390294                     /lib/x86_64-linux-gnu/libnss_compat-2.19.so
7fea476aa000-7fea476ab000 rw-p 00009000 08:01 390294                     /lib/x86_64-linux-gnu/libnss_compat-2.19.so
7fea476ab000-7fea476d4000 r-xp 00000000 08:01 296811                     /usr/lib/jvm/jdk1.7.0/jre/lib/amd64/libjava.so
7fea476d4000-7fea478d4000 ---p 00029000 08:01 296811                     /usr/lib/jvm/jdk1.7.0/jre/lib/amd64/libjava.so
7fea478d4000-7fea478d6000 rw-p 00029000 08:01 296811                     /usr/lib/jvm/jdk1.7.0/jre/lib/amd64/libjava.so
7fea478d6000-7fea478e3000 r-xp 00000000 08:01 296810                     /usr/lib/jvm/jdk1.7.0/jre/lib/amd64/libverify.so
7fea478e3000-7fea47ae2000 ---p 0000d000 08:01 296810                     /usr/lib/jvm/jdk1.7.0/jre/lib/amd64/libverify.so
7fea47ae2000-7fea47ae4000 rw-p 0000c000 08:01 296810                     /usr/lib/jvm/jdk1.7.0/jre/lib/amd64/libverify.so
7fea47ae4000-7fea47aeb000 r-xp 00000000 08:01 395323                     /lib/x86_64-linux-gnu/librt-2.19.so
7fea47aeb000-7fea47cea000 ---p 00007000 08:01 395323                     /lib/x86_64-linux-gnu/librt-2.19.so
7fea47cea000-7fea47ceb000 r--p 00006000 08:01 395323                     /lib/x86_64-linux-gnu/librt-2.19.so
7fea47ceb000-7fea47cec000 rw-p 00007000 08:01 395323                     /lib/x86_64-linux-gnu/librt-2.19.so
7fea47cec000-7fea47df1000 r-xp 00000000 08:01 395352                     /lib/x86_64-linux-gnu/libm-2.19.so
7fea47df1000-7fea47ff0000 ---p 00105000 08:01 395352                     /lib/x86_64-linux-gnu/libm-2.19.so
7fea47ff0000-7fea47ff1000 r--p 00104000 08:01 395352                     /lib/x86_64-linux-gnu/libm-2.19.so
7fea47ff1000-7fea47ff2000 rw-p 00105000 08:01 395352                     /lib/x86_64-linux-gnu/libm-2.19.so
7fea47ff2000-7fea48b62000 r-xp 00000000 08:01 296815                     /usr/lib/jvm/jdk1.7.0/jre/lib/amd64/server/libjvm.so
7fea48b62000-7fea48d61000 ---p 00b70000 08:01 296815                     /usr/lib/jvm/jdk1.7.0/jre/lib/amd64/server/libjvm.so
7fea48d61000-7fea48e26000 rw-p 00b6f000 08:01 296815                     /usr/lib/jvm/jdk1.7.0/jre/lib/amd64/server/libjvm.so
7fea48e26000-7fea48e66000 rw-p 00000000 00:00 0 
7fea48e66000-7fea49021000 r-xp 00000000 08:01 395329                     /lib/x86_64-linux-gnu/libc-2.19.so
7fea49021000-7fea49221000 ---p 001bb000 08:01 395329                     /lib/x86_64-linux-gnu/libc-2.19.so
7fea49221000-7fea49225000 r--p 001bb000 08:01 395329                     /lib/x86_64-linux-gnu/libc-2.19.so
7fea49225000-7fea49227000 rw-p 001bf000 08:01 395329                     /lib/x86_64-linux-gnu/libc-2.19.so
7fea49227000-7fea4922c000 rw-p 00000000 00:00 0 
7fea4922c000-7fea4922f000 r-xp 00000000 08:01 402410                     /lib/x86_64-linux-gnu/libdl-2.19.so
7fea4922f000-7fea4942e000 ---p 00003000 08:01 402410                     /lib/x86_64-linux-gnu/libdl-2.19.so
7fea4942e000-7fea4942f000 r--p 00002000 08:01 402410                     /lib/x86_64-linux-gnu/libdl-2.19.so
7fea4942f000-7fea49430000 rw-p 00003000 08:01 402410                     /lib/x86_64-linux-gnu/libdl-2.19.so
7fea49430000-7fea49446000 r-xp 00000000 08:01 297887                     /usr/lib/jvm/jdk1.7.0/lib/amd64/jli/libjli.so
7fea49446000-7fea49646000 ---p 00016000 08:01 297887                     /usr/lib/jvm/jdk1.7.0/lib/amd64/jli/libjli.so
7fea49646000-7fea49647000 rw-p 00016000 08:01 297887                     /usr/lib/jvm/jdk1.7.0/lib/amd64/jli/libjli.so
7fea49647000-7fea49660000 r-xp 00000000 08:01 402957                     /lib/x86_64-linux-gnu/libpthread-2.19.so
7fea49660000-7fea4985f000 ---p 00019000 08:01 402957                     /lib/x86_64-linux-gnu/libpthread-2.19.so
7fea4985f000-7fea49860000 r--p 00018000 08:01 402957                     /lib/x86_64-linux-gnu/libpthread-2.19.so
7fea49860000-7fea49861000 rw-p 00019000 08:01 402957                     /lib/x86_64-linux-gnu/libpthread-2.19.so
7fea49861000-7fea49865000 rw-p 00000000 00:00 0 
7fea49865000-7fea49888000 r-xp 00000000 08:01 395333                     /lib/x86_64-linux-gnu/ld-2.19.so
7fea49888000-7fea49889000 r--s 00000000 08:01 150076                     /var/cache/fontconfig/5a76b20910bc01daa5b6abd117531ab8-le64.cache-4
7fea49889000-7fea4988e000 r--s 00000000 08:01 159742                     /var/cache/fontconfig/12328181160cdb5868bd6310af3ef285-le64.cache-4
7fea4988e000-7fea4989b000 r--s 00000000 08:01 150092                     /var/cache/fontconfig/e13b20fdb08344e0e664864cc2ede53d-le64.cache-4
7fea4989b000-7fea498a8000 r--s 00142000 08:05 1578878                    /home/aaa/netbeans-8.0/platform/modules/org-netbeans-api-visual.jar
7fea498a8000-7fea498b2000 rw-p 00000000 00:00 0 
7fea498b2000-7fea49968000 rw-p 00000000 00:00 0 
7fea49968000-7fea4996b000 ---p 00000000 00:00 0 
7fea4996b000-7fea49a6d000 rw-p 00000000 00:00 0                          [stack:20974]
7fea49a6d000-7fea49a6e000 r--s 00000000 08:01 152254                     /var/cache/fontconfig/4794a0821666d79190d59a36cb4f44b5-le64.cache-4
7fea49a6e000-7fea49a70000 r--s 0000d000 08:05 2365631                    /home/aaa/NetBeansProjects/NetbeansLib/RXTXcomm-2.2pre2.jar
7fea49a70000-7fea49a77000 r--s 000b1000 08:05 1578971                    /home/aaa/netbeans-8.0/platform/lib/org-openide-util.jar
7fea49a77000-7fea49a7b000 r--s 00054000 08:05 1578915                    /home/aaa/netbeans-8.0/platform/lib/org-openide-util-lookup.jar
7fea49a7b000-7fea49a83000 rw-s 00000000 08:01 27377                      /tmp/hsperfdata_aaa/20970
7fea49a83000-7fea49a84000 rw-p 00000000 00:00 0 
7fea49a84000-7fea49a85000 r--p 00000000 00:00 0 
7fea49a85000-7fea49a87000 rw-p 00000000 00:00 0 
7fea49a87000-7fea49a88000 r--p 00022000 08:01 395333                     /lib/x86_64-linux-gnu/ld-2.19.so
7fea49a88000-7fea49a89000 rw-p 00023000 08:01 395333                     /lib/x86_64-linux-gnu/ld-2.19.so
7fea49a89000-7fea49a8a000 rw-p 00000000 00:00 0 
7fff9848a000-7fff984ab000 rw-p 00000000 00:00 0                          [stack]
7fff984df000-7fff984e1000 r-xp 00000000 00:00 0                          [vdso]
ffffffffff600000-ffffffffff601000 r-xp 00000000 00:00 0                  [vsyscall]

VM Arguments:
jvm_args: -Dfile.encoding=UTF-8 
java_command: visualapp.view.MainFrm
Launcher Type: SUN_STANDARD

Environment Variables:
PATH=/usr/local/sbin:/usr/local/bin:/usr/sbin:/usr/bin:/sbin:/bin:/usr/games:/usr/local/games
LD_LIBRARY_PATH=/home/aaa/jdk1.8.0_11/jre/lib/amd64:/home/aaa/jdk1.8.0_11/jre/lib/i386:
SHELL=/bin/bash
DISPLAY=:0.0

Signal Handlers:
SIGSEGV: [libjvm.so+0x99f4a0], sa_mask[0]=0x7ffbfeff, sa_flags=0x10000004
SIGBUS: [libjvm.so+0x99f4a0], sa_mask[0]=0x7ffbfeff, sa_flags=0x10000004
SIGFPE: [libjvm.so+0x81a860], sa_mask[0]=0x7ffbfeff, sa_flags=0x10000004
SIGPIPE: [libjvm.so+0x81a860], sa_mask[0]=0x7ffbfeff, sa_flags=0x10000004
SIGXFSZ: [libjvm.so+0x81a860], sa_mask[0]=0x7ffbfeff, sa_flags=0x10000004
SIGILL: [libjvm.so+0x81a860], sa_mask[0]=0x7ffbfeff, sa_flags=0x10000004
SIGUSR1: SIG_DFL, sa_mask[0]=0x00000000, sa_flags=0x00000000
SIGUSR2: [libjvm.so+0x81c060], sa_mask[0]=0x00000004, sa_flags=0x10000004
SIGHUP: [libjvm.so+0x81d160], sa_mask[0]=0x7ffbfeff, sa_flags=0x10000004
SIGINT: SIG_IGN, sa_mask[0]=0x00000000, sa_flags=0x00000000
SIGTERM: [libjvm.so+0x81d160], sa_mask[0]=0x7ffbfeff, sa_flags=0x10000004
SIGQUIT: [libjvm.so+0x81d160], sa_mask[0]=0x7ffbfeff, sa_flags=0x10000004


---------------  S Y S T E M  ---------------

OS:jessie/sid

uname:Linux 3.13.0-29-generic #53-Ubuntu SMP Wed Jun 4 21:00:20 UTC 2014 x86_64
libc:glibc 2.19 NPTL 2.19 
rlimit: STACK 8192k, CORE 0k, NPROC 59065, NOFILE 4096, AS infinity
load average:0.47 0.31 0.21

/proc/meminfo:
MemTotal:        7658612 kB
MemFree:         3921076 kB
Buffers:           87340 kB
Cached:          1574372 kB
SwapCached:            0 kB
Active:          2510352 kB
Inactive:        1002792 kB
Active(anon):    1852664 kB
Inactive(anon):    14740 kB
Active(file):     657688 kB
Inactive(file):   988052 kB
Unevictable:          32 kB
Mlocked:              32 kB
SwapTotal:       3829296 kB
SwapFree:        3829296 kB
Dirty:                44 kB
Writeback:             0 kB
AnonPages:       1851628 kB
Mapped:           155020 kB
Shmem:             15980 kB
Slab:              89384 kB
SReclaimable:      57668 kB
SUnreclaim:        31716 kB
KernelStack:        3816 kB
PageTables:        28424 kB
NFS_Unstable:          0 kB
Bounce:                0 kB
WritebackTmp:          0 kB
CommitLimit:     7658600 kB
Committed_AS:    4117144 kB
VmallocTotal:   34359738367 kB
VmallocUsed:      307104 kB
VmallocChunk:   34359373008 kB
HardwareCorrupted:     0 kB
AnonHugePages:   1001472 kB
HugePages_Total:       0
HugePages_Free:        0
HugePages_Rsvd:        0
HugePages_Surp:        0
Hugepagesize:       2048 kB
DirectMap4k:       88000 kB
DirectMap2M:     2531328 kB
DirectMap1G:     5242880 kB


CPU:total 6 (6 cores per cpu, 1 threads per core) family 16 model 10 stepping 0, cmov, cx8, fxsr, mmx, sse, sse2, sse3, popcnt, mmxext, 3dnowpref, lzcnt, sse4a, tsc, tscinvbit, tscinv

/proc/cpuinfo:
processor	: 0
vendor_id	: AuthenticAMD
cpu family	: 16
model		: 10
model name	: AMD Phenom(tm) II X6 1075T Processor
stepping	: 0
microcode	: 0x10000bf
cpu MHz		: 800.000
cache size	: 512 KB
physical id	: 0
siblings	: 6
core id		: 0
cpu cores	: 6
apicid		: 0
initial apicid	: 0
fpu		: yes
fpu_exception	: yes
cpuid level	: 6
wp		: yes
flags		: fpu vme de pse tsc msr pae mce cx8 apic sep mtrr pge mca cmov pat pse36 clflush mmx fxsr sse sse2 ht syscall nx mmxext fxsr_opt pdpe1gb rdtscp lm 3dnowext 3dnow constant_tsc rep_good nopl nonstop_tsc extd_apicid aperfmperf pni monitor cx16 popcnt lahf_lm cmp_legacy svm extapic cr8_legacy abm sse4a misalignsse 3dnowprefetch osvw ibs skinit wdt cpb hw_pstate npt lbrv svm_lock nrip_save pausefilter
bogomips	: 6026.25
TLB size	: 1024 4K pages
clflush size	: 64
cache_alignment	: 64
address sizes	: 48 bits physical, 48 bits virtual
power management: ts ttp tm stc 100mhzsteps hwpstate cpb

processor	: 1
vendor_id	: AuthenticAMD
cpu family	: 16
model		: 10
model name	: AMD Phenom(tm) II X6 1075T Processor
stepping	: 0
microcode	: 0x10000bf
cpu MHz		: 3000.000
cache size	: 512 KB
physical id	: 0
siblings	: 6
core id		: 1
cpu cores	: 6
apicid		: 1
initial apicid	: 1
fpu		: yes
fpu_exception	: yes
cpuid level	: 6
wp		: yes
flags		: fpu vme de pse tsc msr pae mce cx8 apic sep mtrr pge mca cmov pat pse36 clflush mmx fxsr sse sse2 ht syscall nx mmxext fxsr_opt pdpe1gb rdtscp lm 3dnowext 3dnow constant_tsc rep_good nopl nonstop_tsc extd_apicid aperfmperf pni monitor cx16 popcnt lahf_lm cmp_legacy svm extapic cr8_legacy abm sse4a misalignsse 3dnowprefetch osvw ibs skinit wdt cpb hw_pstate npt lbrv svm_lock nrip_save pausefilter
bogomips	: 6026.25
TLB size	: 1024 4K pages
clflush size	: 64
cache_alignment	: 64
address sizes	: 48 bits physical, 48 bits virtual
power management: ts ttp tm stc 100mhzsteps hwpstate cpb

processor	: 2
vendor_id	: AuthenticAMD
cpu family	: 16
model		: 10
model name	: AMD Phenom(tm) II X6 1075T Processor
stepping	: 0
microcode	: 0x10000bf
cpu MHz		: 1600.000
cache size	: 512 KB
physical id	: 0
siblings	: 6
core id		: 5
cpu cores	: 6
apicid		: 2
initial apicid	: 5
fpu		: yes
fpu_exception	: yes
cpuid level	: 6
wp		: yes
flags		: fpu vme de pse tsc msr pae mce cx8 apic sep mtrr pge mca cmov pat pse36 clflush mmx fxsr sse sse2 ht syscall nx mmxext fxsr_opt pdpe1gb rdtscp lm 3dnowext 3dnow constant_tsc rep_good nopl nonstop_tsc extd_apicid aperfmperf pni monitor cx16 popcnt lahf_lm cmp_legacy svm extapic cr8_legacy abm sse4a misalignsse 3dnowprefetch osvw ibs skinit wdt cpb hw_pstate npt lbrv svm_lock nrip_save pausefilter
bogomips	: 6026.25
TLB size	: 1024 4K pages
clflush size	: 64
cache_alignment	: 64
address sizes	: 48 bits physical, 48 bits virtual
power management: ts ttp tm stc 100mhzsteps hwpstate cpb

processor	: 3
vendor_id	: AuthenticAMD
cpu family	: 16
model		: 10
model name	: AMD Phenom(tm) II X6 1075T Processor
stepping	: 0
microcode	: 0x10000bf
cpu MHz		: 1600.000
cache size	: 512 KB
physical id	: 0
siblings	: 6
core id		: 3
cpu cores	: 6
apicid		: 3
initial apicid	: 3
fpu		: yes
fpu_exception	: yes
cpuid level	: 6
wp		: yes
flags		: fpu vme de pse tsc msr pae mce cx8 apic sep mtrr pge mca cmov pat pse36 clflush mmx fxsr sse sse2 ht syscall nx mmxext fxsr_opt pdpe1gb rdtscp lm 3dnowext 3dnow constant_tsc rep_good nopl nonstop_tsc extd_apicid aperfmperf pni monitor cx16 popcnt lahf_lm cmp_legacy svm extapic cr8_legacy abm sse4a misalignsse 3dnowprefetch osvw ibs skinit wdt cpb hw_pstate npt lbrv svm_lock nrip_save pausefilter
bogomips	: 6026.25
TLB size	: 1024 4K pages
clflush size	: 64
cache_alignment	: 64
address sizes	: 48 bits physical, 48 bits virtual
power management: ts ttp tm stc 100mhzsteps hwpstate cpb

processor	: 4
vendor_id	: AuthenticAMD
cpu family	: 16
model		: 10
model name	: AMD Phenom(tm) II X6 1075T Processor
stepping	: 0
microcode	: 0x10000bf
cpu MHz		: 800.000
cache size	: 512 KB
physical id	: 0
siblings	: 6
core id		: 4
cpu cores	: 6
apicid		: 4
initial apicid	: 4
fpu		: yes
fpu_exception	: yes
cpuid level	: 6
wp		: yes
flags		: fpu vme de pse tsc msr pae mce cx8 apic sep mtrr pge mca cmov pat pse36 clflush mmx fxsr sse sse2 ht syscall nx mmxext fxsr_opt pdpe1gb rdtscp lm 3dnowext 3dnow constant_tsc rep_good nopl nonstop_tsc extd_apicid aperfmperf pni monitor cx16 popcnt lahf_lm cmp_legacy svm extapic cr8_legacy abm sse4a misalignsse 3dnowprefetch osvw ibs skinit wdt cpb hw_pstate npt lbrv svm_lock nrip_save pausefilter
bogomips	: 6026.25
TLB size	: 1024 4K pages
clflush size	: 64
cache_alignment	: 64
address sizes	: 48 bits physical, 48 bits virtual
power management: ts ttp tm stc 100mhzsteps hwpstate cpb

processor	: 5
vendor_id	: AuthenticAMD
cpu family	: 16
model		: 10
model name	: AMD Phenom(tm) II X6 1075T Processor
stepping	: 0
microcode	: 0x10000bf
cpu MHz		: 800.000
cache size	: 512 KB
physical id	: 0
siblings	: 6
core id		: 2
cpu cores	: 6
apicid		: 5
initial apicid	: 2
fpu		: yes
fpu_exception	: yes
cpuid level	: 6
wp		: yes
flags		: fpu vme de pse tsc msr pae mce cx8 apic sep mtrr pge mca cmov pat pse36 clflush mmx fxsr sse sse2 ht syscall nx mmxext fxsr_opt pdpe1gb rdtscp lm 3dnowext 3dnow constant_tsc rep_good nopl nonstop_tsc extd_apicid aperfmperf pni monitor cx16 popcnt lahf_lm cmp_legacy svm extapic cr8_legacy abm sse4a misalignsse 3dnowprefetch osvw ibs skinit wdt cpb hw_pstate npt lbrv svm_lock nrip_save pausefilter
bogomips	: 6026.25
TLB size	: 1024 4K pages
clflush size	: 64
cache_alignment	: 64
address sizes	: 48 bits physical, 48 bits virtual
power management: ts ttp tm stc 100mhzsteps hwpstate cpb



Memory: 4k page, physical 7658612k(3921076k free), swap 3829296k(3829296k free)

vm_info: Java HotSpot(TM) 64-Bit Server VM (24.65-b04) for linux-amd64 JRE (1.7.0_67-b01), built on Jul 25 2014 09:20:21 by "java_re" with gcc 4.3.0 20080428 (Red Hat 4.3.0-8)

time: Thu Sep 25 22:41:51 2014
elapsed time: 14 seconds

